<?xml version='1.0' encoding='UTF-8'?>
<testsuite hostname="vagrant-LinuxMintXfce-17" name="GitRepoAccessorSpec" tests="2" errors="0" failures="0" time="0.036">
                <properties>
[...]
</properties>
                <testcase classname="GitRepoAccessorSpec" name="An empty Set should have size 0" time="0.035"> 
                    </testcase><testcase classname="GitRepoAccessorSpec" name="Invoking head on an empty Set should produce NoSuchElementException" time="0.001"> 
                    </testcase>
                <system-out></system-out>
                <system-err></system-err>
                </testsuite>